Tempo 0:
               0                             1                             2                             3                             4                             5                             6                             7                 
    _ .. _ .. _ .. _ .. _F_       _ .. _ .. _ .. _ .. _F_       _ .. _ .. _ .. _ .. _F_       _ .. _ .. _ .. _ .. _F_       _ .. _ .. _ .. _ .. _F_       _ .. _ .. _ .. _ .. _F_       _ .. _ .. _ .. _ .. _F_       _ .. _ .. _ .. _ .. _F_      
   |                       |     |                       |     |                       |     |                       |     |                       |     |                       |     |                       |     |                       |     
   ..                     ..     ..                     ..     ..                     ..     ..                     ..     ..                     ..     ..                     ..     ..                     ..     ..                     ..     
   ..                     ..     ..                     ..     ..                     ..     ..                     ..     ..                     ..     ..                     ..     ..                     ..     ..                     ..     
0  ..                     ..     ..                     ..     ..                     ..     ..                     ..     ..                     ..     ..                     ..     ..                     ..     ..                     ..     
   ..                     ..     ..                     ..     ..                     ..     ..                     ..     ..                     ..     ..                     ..     ..                     ..     ..                     ..     
   F                       F     F                       F     F                       F     F                       F     F                       F     F                       F     F                       F     F                       F     
   |_ .. _ .. _ .. _ .. _F_|     |_ .. _ .. _ .. _ .. _F_|     |_ .. _ .. _ .. _ .. _F_|     |_ .. _ .. _ .. _ .. _F_|     |_ .. _ .. _ .. _ .. _F_|     |_ .. _ .. _ .. _ .. _F_|     |_ .. _ .. _ .. _ .. _F_|     |_ .. _ .. _ .. _ .. _F_|     

   XXXXXXXXXXXXXXXXXXXXXXXXX      _ .. _ .. _ .. _ .. _F_      XXXXXXXXXXXXXXXXXXXXXXXXX      _ .. _ .. _ .. _ .. _F_       _ .. _ .. _ .. _ .. _F_       _ .. _ .. _ .. _ .. _F_       _ .. _ .. _ .. _ .. _F_       _ .. _ .. _ .. _ .. _F_      
   XX                     XX     |                       |     XX                     XX     |                       |     |                       |     |                       |     |                       |     |                       |     
   XX                     XX     ..                     01     XX                     XX     ..                     ..     ..                     ..     ..                     ..     ..                     ..     ..                     ..     
   XX                     XX     ..                     ..     XX                     XX     ..                     ..     ..                     ..     ..                     ..     ..                     ..     ..                     ..     
1  XX                     XX     ..                     ..     XX                     XX     ..                     ..     ..                     ..     ..                     ..     ..                     ..     ..                     ..     
   XX                     XX     ..                     ..     XX                     XX     ..                     ..     ..                     ..     ..                     ..     ..                     ..     ..                     ..     
   XX                     XX     F                       F     XX                     XX     F                       F     F                       F     F                       F     F                       F     F                       F     
   XXXXXXXXXXXXXXXXXXXXXXXXX     |_ .. _ .. _ .. _ .. _F_|     XXXXXXXXXXXXXXXXXXXXXXXXX     |_ .. _ .. _ .. _ .. _F_|     |_ .. _ .. _ .. _ .. _F_|     |_ .. _ .. _ .. _ .. _F_|     |_ .. _ .. _ .. _ .. _F_|     |_ .. _ .. _ .. _ .. _F_|     

    _ .. _ .. _ .. _ .. _F_      XXXXXXXXXXXXXXXXXXXXXXXXX      _ .. _ .. _ .. _ .. _F_      XXXXXXXXXXXXXXXXXXXXXXXXX      _ .. _ .. _ .. _ .. _F_       _ .. _ .. _ .. _ .. _F_       _ .. _ .. _ .. _ .. _F_       _ .. _ .. _ .. _ .. _F_      
   |                       |     XX                     XX     |                       |     XX                     XX     |                       |     |                       |     |                       |     |                       |     
   ..                     ..     XX                     XX     ..                     00     XX                     XX     ..                     ..     ..                     ..     ..                     ..     ..                     ..     
   ..                     ..     XX                     XX     ..                     ..     XX                     XX     ..                     ..     ..                     ..     ..                     ..     ..                     ..     
2  ..                     ..     XX                     XX     ..                     ..     XX                     XX     ..                     ..     ..                     ..     ..                     ..     ..                     ..     
   ..                     ..     XX                     XX     ..                     ..     XX                     XX     ..                     ..     ..                     ..     ..                     ..     ..                     ..     
   F                       F     XX                     XX     F                       F     XX                     XX     F                       F     F                       F     F                       F     F                       F     
   |_ .. _ .. _ .. _ .. _F_|     XXXXXXXXXXXXXXXXXXXXXXXXX     |_ .. _ .. _ .. _ .. _F_|     XXXXXXXXXXXXXXXXXXXXXXXXX     |_ .. _ .. _ .. _ .. _F_|     |_ .. _ .. _ .. _ .. _F_|     |_ .. _ .. _ .. _ .. _F_|     |_ .. _ .. _ .. _ .. _F_|     

    _ .. _ .. _ .. _ .. _F_       _ .. _ .. _ .. _ .. _F_      XXXXXXXXXXXXXXXXXXXXXXXXX      _ .. _ .. _ .. _ .. _F_       _ .. _ .. _ .. _ .. _F_       _ .. _ .. _ .. _ .. _F_       _ .. _ .. _ .. _ .. _F_       _ .. _ .. _ .. _ .. _F_      
   |                       |     |                       |     XX                     XX     |                       |     |                       |     |                       |     |                       |     |                       |     
   ..                     ..     ..                     ..     XX                     XX     ..                     ..     ..                     ..     ..                     ..     ..                     ..     ..                     ..     
   ..                     ..     ..                     ..     XX                     XX     ..                     ..     ..                     ..     ..                     ..     ..                     ..     ..                     ..     
3  ..                     ..     ..                     ..     XX                     XX     ..                     ..     ..                     ..     ..                     ..     ..                     ..     ..                     ..     
   ..                     ..     ..                     ..     XX                     XX     ..                     ..     ..                     ..     ..                     ..     ..                     ..     ..                     ..     
   F                       F     F                       F     XX                     XX     F                       F     F                       F     F                       F     F                       F     F                       F     
   |_ .. _ .. _ .. _ .. _F_|     |_ .. _ .. _ .. _ .. _F_|     XXXXXXXXXXXXXXXXXXXXXXXXX     |_ .. _ .. _ .. _ .. _F_|     |_ .. _ .. _ .. _ .. _F_|     |_ .. _ .. _ .. _ .. _F_|     |_ .. _ .. _ .. _ .. _F_|     |_ .. _ .. _ .. _ .. _F_|     

    _ .. _ .. _ .. _ .. _F_       _ .. _ .. _ .. _ .. _F_       _ .. _ .. _ .. _ .. _F_       _ .. _ .. _ .. _ .. _F_       _ .. _ .. _ .. _ .. _F_      XXXXXXXXXXXXXXXXXXXXXXXXX      _ .. _ .. _ .. _ .. _F_       _ .. _ .. _ .. _ .. _F_      
   |                       |     |                       |     |                       |     |                       |     |                       |     XX                     XX     |                       |     |                       |     
   ..                     ..     ..                     ..     ..                     ..     ..                     ..     ..                     ..     XX                     XX     ..                     ..     ..                     ..     
   ..                     ..     ..                     ..     ..                     ..     ..                     ..     ..                     ..     XX                     XX     ..                     ..     ..                     ..     
4  ..                     ..     ..                     ..     ..                     ..     ..                     ..     ..                     ..     XX                     XX     ..                     ..     ..                     ..     
   ..                     ..     ..                     ..     ..                     ..     ..                     ..     ..                     ..     XX                     XX     ..                     ..     ..                     ..     
   F                       F     F                       F     F                       F     F                       F     F                       F     XX                     XX     F                       F     F                       F     
   |_ .. _ .. _ .. _ .. _F_|     |_ .. _ .. _ .. _ .. _F_|     |_ .. _ .. _ .. _ .. _F_|     |_ .. _ .. _ .. _ .. _F_|     |_ .. _ .. _ .. _ .. _F_|     XXXXXXXXXXXXXXXXXXXXXXXXX     |_ .. _ .. _ .. _ .. _F_|     |_ .. _ .. _ .. _ .. _F_|     

    _ .. _ .. _ .. _ .. _F_       _ .. _ .. _ .. _ .. _F_       _ .. _ .. _ .. _ .. _F_       _ .. _ .. _ .. _ .. _F_       _ .. _ .. _ .. _ .. _F_       _ .. _ .. _ .. _ .. _F_       _ .. _ .. _ .. _ .. _F_       _ .. _ .. _ .. _ .. _F_      
   |                       |     |                       |     |                       |     |                       |     |                       |     |                       |     |                       |     |                       |     
   ..                     ..     ..                     ..     ..                     ..     ..                     ..     ..                     ..     ..                     ..     ..                     ..     ..                     ..     
   ..                     ..     ..                     ..     ..                     ..     ..                     ..     ..                     ..     ..                     ..     ..                     ..     ..                     ..     
5  ..                     ..     ..                     ..     ..                     ..     ..                     ..     ..                     ..     ..                     ..     ..                     ..     ..                     ..     
   ..                     ..     ..                     ..     ..                     ..     ..                     ..     ..                     ..     ..                     ..     ..                     ..     ..                     ..     
   F                       F     F                       F     F                       F     F                       F     F                       F     F                       F     F                       F     F                       F     
   |_ .. _ .. _ .. _ .. _F_|     |_ .. _ .. _ .. _ .. _F_|     |_ .. _ .. _ .. _ .. _F_|     |_ .. _ .. _ .. _ .. _F_|     |_ .. _ .. _ .. _ .. _F_|     |_ .. _ .. _ .. _ .. _F_|     |_ .. _ .. _ .. _ .. _F_|     |_ .. _ .. _ .. _ .. _F_|     

    _ .. _ .. _ .. _ .. _F_       _ .. _ .. _ .. _ .. _F_       _ .. _ .. _ .. _ .. _F_       _ .. _ .. _ .. _ .. _F_       _ .. _ .. _ .. _ .. _F_       _ .. _ .. _ .. _ .. _F_       _ .. _ .. _ .. _ .. _F_       _ .. _ .. _ .. _ .. _F_      
   |                       |     |                       |     |                       |     |                       |     |                       |     |                       |     |                       |     |                       |     
   ..                     ..     ..                     ..     ..                     ..     ..                     ..     ..                     ..     ..                     ..     ..                     ..     ..                     ..     
   ..                     ..     ..                     ..     ..                     ..     ..                     ..     ..                     ..     ..                     ..     ..                     ..     ..                     ..     
6  ..                     ..     ..                     ..     ..                     ..     ..                     ..     ..                     ..     ..                     ..     ..                     ..     ..                     ..     
   ..                     ..     ..                     ..     ..                     ..     ..                     ..     ..                     ..     ..                     ..     ..                     ..     ..                     ..     
   F                       F     F                       F     F                       F     F                       F     F                       F     F                       F     F                       F     F                       F     
   |_ .. _ .. _ .. _ .. _F_|     |_ .. _ .. _ .. _ .. _F_|     |_ .. _ .. _ .. _ .. _F_|     |_ .. _ .. _ .. _ .. _F_|     |_ .. _ .. _ .. _ .. _F_|     |_ .. _ .. _ .. _ .. _F_|     |_ .. _ .. _ .. _ .. _F_|     |_ .. _ .. _ .. _ .. _F_|     

    _ .. _ .. _ .. _ .. _F_       _ .. _ .. _ .. _ .. _F_       _ .. _ .. _ .. _ .. _F_       _ .. _ .. _ .. _ .. _F_       _ .. _ .. _ .. _ .. _F_       _ .. _ .. _ .. _ .. _F_       _ .. _ .. _ .. _ .. _F_       _ .. _ .. _ .. _ .. _F_      
   |                       |     |                       |     |                       |     |                       |     |                       |     |                       |     |                       |     |                       |     
   ..                     ..     ..                     ..     ..                     ..     ..                     ..     ..                     ..     ..                     ..     ..                     ..     ..                     ..     
   ..                     ..     ..                     ..     ..                     ..     ..                     ..     ..                     ..     ..                     ..     ..                     ..     ..                     ..     
7  ..                     ..     ..                     ..     ..                     ..     ..                     ..     ..                     ..     ..                     ..     ..                     ..     ..                     ..     
   ..                     ..     ..                     ..     ..                     ..     ..                     ..     ..                     ..     ..                     ..     ..                     ..     ..                     ..     
   F                       F     F                       F     F                       F     F                       F     F                       F     F                       F     F                       F     F                       F     
   |_ .. _ .. _ .. _ .. _F_|     |_ .. _ .. _ .. _ .. _F_|     |_ .. _ .. _ .. _ .. _F_|     |_ .. _ .. _ .. _ .. _F_|     |_ .. _ .. _ .. _ .. _F_|     |_ .. _ .. _ .. _ .. _F_|     |_ .. _ .. _ .. _ .. _F_|     |_ .. _ .. _ .. _ .. _F_|     


Pacote 0 (2 2):
Não chegou ainda, vou calcular caminho ou executar proxima instrução no caminho atual
Calculando rota..
Pacote 1 (1 1):
Não chegou ainda, vou calcular caminho ou executar proxima instrução no caminho atual
Calculando rota..
-1 0
0 1
Executando proxima instrução: -1 0
Tempo 1:
Pacote 0 (2 2):
Não chegou ainda, vou calcular caminho ou executar proxima instrução no caminho atual
Calculando rota..
Pacote 1 (0 1):
Não chegou ainda, vou calcular caminho ou executar proxima instrução no caminho atual
Executando proxima instrução: 0 1
Pacote 2 (2 2):
Não chegou ainda, vou calcular caminho ou executar proxima instrução no caminho atual
Calculando rota..
Tempo 2:
Pacote 0 (2 2):
Não chegou ainda, vou calcular caminho ou executar proxima instrução no caminho atual
Calculando rota..
Pacote 1 (0 2):
Já chegou
Pacote 2 (2 2):
Não chegou ainda, vou calcular caminho ou executar proxima instrução no caminho atual
Calculando rota..
Tempo 3:
Pacote 0 (2 2):
Não chegou ainda, vou calcular caminho ou executar proxima instrução no caminho atual
Calculando rota..
Pacote 1 (0 2):
Já chegou
Pacote 2 (2 2):
Não chegou ainda, vou calcular caminho ou executar proxima instrução no caminho atual
Calculando rota..
Tempo 4:
Pacote 0 (2 2):
Não chegou ainda, vou calcular caminho ou executar proxima instrução no caminho atual
Calculando rota..
Pacote 1 (0 2):
Já chegou
Pacote 2 (2 2):
Não chegou ainda, vou calcular caminho ou executar proxima instrução no caminho atual
Calculando rota..
Tempo 5:
Pacote 0 (2 2):
Não chegou ainda, vou calcular caminho ou executar proxima instrução no caminho atual
Calculando rota..
Pacote 1 (0 2):
Já chegou
Pacote 2 (2 2):
Não chegou ainda, vou calcular caminho ou executar proxima instrução no caminho atual
Calculando rota..
Tempo 6:
Pacote 0 (2 2):
Não chegou ainda, vou calcular caminho ou executar proxima instrução no caminho atual
Calculando rota..
Pacote 1 (0 2):
Já chegou
Pacote 2 (2 2):
Não chegou ainda, vou calcular caminho ou executar proxima instrução no caminho atual
Calculando rota..
Tempo 7:
Pacote 0 (2 2):
Não chegou ainda, vou calcular caminho ou executar proxima instrução no caminho atual
Calculando rota..
Pacote 1 (0 2):
Já chegou
Pacote 2 (2 2):
Não chegou ainda, vou calcular caminho ou executar proxima instrução no caminho atual
Calculando rota..
Tempo 8:
Pacote 0 (2 2):
Não chegou ainda, vou calcular caminho ou executar proxima instrução no caminho atual
Calculando rota..
Pacote 1 (0 2):
Já chegou
Pacote 2 (2 2):
Não chegou ainda, vou calcular caminho ou executar proxima instrução no caminho atual
Calculando rota..
Tempo 9:
Pacote 0 (2 2):
Não chegou ainda, vou calcular caminho ou executar proxima instrução no caminho atual
Calculando rota..
Pacote 1 (0 2):
Já chegou
Pacote 2 (2 2):
Não chegou ainda, vou calcular caminho ou executar proxima instrução no caminho atual
Calculando rota..
